<?xml version="1.0" encoding="UTF-8"?>
<!-- Generated by org.testng.reporters.JUnitReportReporter -->
<testsuite skipped="0" hostname="HRL-UPADHYA-W10" name="com.Webpower.Webpower.XSLT" tests="4" failures="0" timestamp="15 Jan 2018 06:53:24 GMT" time="33.711" errors="0">
  <testcase name="Request_A_QUOTE__Size_FLOW" time="6.890" classname="com.Webpower.Webpower.XSLT"/>
  <testcase name="Request_A_QUOTE__Size_FLOW" time="17.430" classname="com.Webpower.Webpower.XSLT"/>
  <testcase name="Request_A_QUOTE__Size_FLOW" time="4.069" classname="com.Webpower.Webpower.XSLT"/>
  <testcase name="Request_A_QUOTE__Size_FLOW" time="5.322" classname="com.Webpower.Webpower.XSLT"/>
</testsuite> <!-- com.Webpower.Webpower.XSLT -->
